Using pre-set license
Built from '2021.3/staging' branch; Version is '2021.3.21f1 (1b156197d683) revision 1774945'; Using compiler version '192829333'; Build Type 'Release'
OS: 'Windows 10  (10.0.19045) 64bit Core' Language: 'en' Physical Memory: 16253 MB
BatchMode: 1, IsHumanControllingUs: 0, StartBugReporterOnCrash: 0, Is64bit: 1, IsPro: 1

COMMAND LINE ARGUMENTS:
C:\Program Files\Unity\Hub\Editor\2021.3.21f1\Editor\Unity.exe
-adb2
-batchMode
-noUpm
-name
AssetImportWorker0
-projectPath
C:/Users/saadm/Documents/UnityProjects/Hyperspace/unity/Hyperspace
-logFile
Logs/AssetImportWorker0.log
-srvPort
55119
Successfully changed project path to: C:/Users/saadm/Documents/UnityProjects/Hyperspace/unity/Hyperspace
C:/Users/saadm/Documents/UnityProjects/Hyperspace/unity/Hyperspace
[UnityMemory] Configuration Parameters - Can be set up in boot.config
    "memorysetup-bucket-allocator-granularity=16"
    "memorysetup-bucket-allocator-bucket-count=8"
    "memorysetup-bucket-allocator-block-size=33554432"
    "memorysetup-bucket-allocator-block-count=8"
    "memorysetup-main-allocator-block-size=16777216"
    "memorysetup-thread-allocator-block-size=16777216"
    "memorysetup-gfx-main-allocator-block-size=16777216"
    "memorysetup-gfx-thread-allocator-block-size=16777216"
    "memorysetup-cache-allocator-block-size=4194304"
    "memorysetup-typetree-allocator-block-size=2097152"
    "memorysetup-profiler-bucket-allocator-granularity=16"
    "memorysetup-profiler-bucket-allocator-bucket-count=8"
    "memorysetup-profiler-bucket-allocator-block-size=33554432"
    "memorysetup-profiler-bucket-allocator-block-count=8"
    "memorysetup-profiler-allocator-block-size=16777216"
    "memorysetup-profiler-editor-allocator-block-size=1048576"
    "memorysetup-temp-allocator-size-main=16777216"
    "memorysetup-job-temp-allocator-block-size=2097152"
    "memorysetup-job-temp-allocator-block-size-background=1048576"
    "memorysetup-job-temp-allocator-reduction-small-platforms=262144"
    "memorysetup-temp-allocator-size-background-worker=32768"
    "memorysetup-temp-allocator-size-job-worker=262144"
    "memorysetup-temp-allocator-size-preload-manager=33554432"
    "memorysetup-temp-allocator-size-nav-mesh-worker=65536"
    "memorysetup-temp-allocator-size-audio-worker=65536"
    "memorysetup-temp-allocator-size-cloud-worker=32768"
    "memorysetup-temp-allocator-size-gi-baking-worker=262144"
    "memorysetup-temp-allocator-size-gfx=262144"
Player connection [20496] Host "[IP] 192.168.56.1 [Port] 0 [Flags] 2 [Guid] 1452073556 [EditorId] 1452073556 [Version] 1048832 [Id] WindowsEditor(7,SDMN) [Debug] 1 [PackageName] WindowsEditor [ProjectName] Editor" joined multi-casting on [225.0.0.222:54997]...

Player connection [20496] Host "[IP] 192.168.56.1 [Port] 0 [Flags] 2 [Guid] 1452073556 [EditorId] 1452073556 [Version] 1048832 [Id] WindowsEditor(7,SDMN) [Debug] 1 [PackageName] WindowsEditor [ProjectName] Editor" joined alternative multi-casting on [225.0.0.222:34997]...

Refreshing native plugins compatible for Editor in 88.20 ms, found 3 plugins.
Preloading 0 native plugins for Editor in 0.00 ms.
Initialize engine version: 2021.3.21f1 (1b156197d683)
[Subsystems] Discovering subsystems at path C:/Program Files/Unity/Hub/Editor/2021.3.21f1/Editor/Data/Resources/UnitySubsystems
[Subsystems] Discovering subsystems at path C:/Users/saadm/Documents/UnityProjects/Hyperspace/unity/Hyperspace/Assets
GfxDevice: creating device client; threaded=0; jobified=0
Direct3D:
    Version:  Direct3D 11.0 [level 11.1]
    Renderer: NVIDIA GeForce GTX 1660 Ti (ID=0x2191)
    Vendor:   NVIDIA
    VRAM:     5979 MB
    Driver:   31.0.15.3129
Initialize mono
Mono path[0] = 'C:/Program Files/Unity/Hub/Editor/2021.3.21f1/Editor/Data/Managed'
Mono path[1] = 'C:/Program Files/Unity/Hub/Editor/2021.3.21f1/Editor/Data/MonoBleedingEdge/lib/mono/unityjit-win32'
Mono config path = 'C:/Program Files/Unity/Hub/Editor/2021.3.21f1/Editor/Data/MonoBleedingEdge/etc'
Using monoOptions --debugger-agent=transport=dt_socket,embedding=1,server=y,suspend=n,address=127.0.0.1:56776
Begin MonoManager ReloadAssembly
Registering precompiled unity dll's ...
Register platform support module: C:/Program Files/Unity/Hub/Editor/2021.3.21f1/Editor/Data/PlaybackEngines/AndroidPlayer/UnityEditor.Android.Extensions.dll
Register platform support module: C:/Program Files/Unity/Hub/Editor/2021.3.21f1/Editor/Data/PlaybackEngines/iOSSupport/UnityEditor.iOS.Extensions.dll
Register platform support module: C:/Program Files/Unity/Hub/Editor/2021.3.21f1/Editor/Data/PlaybackEngines/WindowsStandaloneSupport/UnityEditor.WindowsStandalone.Extensions.dll
Registered in 0.007652 seconds.
Native extension for WindowsStandalone target not found
[usbmuxd] Start listen thread
[usbmuxd] Listen thread started
Native extension for iOS target not found
Native extension for Android target not found
Android Extension - Scanning For ADB Devices 278 ms
Refreshing native plugins compatible for Editor in 83.69 ms, found 3 plugins.
Preloading 0 native plugins for Editor in 0.00 ms.
Mono: successfully reloaded assembly
- Completed reload, in  0.995 seconds
Domain Reload Profiling:
	ReloadAssembly (996ms)
		BeginReloadAssembly (87ms)
			ExecutionOrderSort (0ms)
			DisableScriptedObjects (0ms)
			BackupInstance (0ms)
			ReleaseScriptingObjects (0ms)
			CreateAndSetChildDomain (1ms)
		EndReloadAssembly (809ms)
			LoadAssemblies (85ms)
			RebuildTransferFunctionScriptingTraits (0ms)
			SetupTypeCache (121ms)
			ReleaseScriptCaches (0ms)
			RebuildScriptCaches (41ms)
			SetupLoadedEditorAssemblies (594ms)
				LogAssemblyErrors (0ms)
				InitializePlatformSupportModulesInManaged (370ms)
				SetLoadedEditorAssemblies (0ms)
				RefreshPlugins (84ms)
				BeforeProcessingInitializeOnLoad (1ms)
				ProcessInitializeOnLoadAttributes (95ms)
				ProcessInitializeOnLoadMethodAttributes (43ms)
				AfterProcessingInitializeOnLoad (0ms)
				EditorAssembliesLoaded (0ms)
			ExecutionOrderSort2 (0ms)
			AwakeInstancesAfterBackupRestoration (0ms)
Platform modules already initialized, skipping
Registering precompiled user dll's ...
Registered in 0.004378 seconds.
Begin MonoManager ReloadAssembly
Symbol file LoadedFromMemory doesn't match image C:\Users\saadm\Documents\UnityProjects\Hyperspace\unity\Hyperspace\Library\PackageCache\com.unity.visualscripting@1.8.0\Editor\VisualScripting.Core\Dependencies\YamlDotNet\Unity.VisualScripting.YamlDotNet.dll
Symbol file LoadedFromMemory doesn't match image C:\Users\saadm\Documents\UnityProjects\Hyperspace\unity\Hyperspace\Library\PackageCache\com.unity.visualscripting@1.8.0\Editor\VisualScripting.Core\Dependencies\DotNetZip\Unity.VisualScripting.IonicZip.dll
Native extension for WindowsStandalone target not found
Native extension for iOS target not found
Native extension for Android target not found
Refreshing native plugins compatible for Editor in 90.94 ms, found 3 plugins.
Preloading 0 native plugins for Editor in 0.00 ms.
Package Manager log level set to [2]
Mono: successfully reloaded assembly
- Completed reload, in  1.260 seconds
Domain Reload Profiling:
	ReloadAssembly (1260ms)
		BeginReloadAssembly (143ms)
			ExecutionOrderSort (0ms)
			DisableScriptedObjects (5ms)
			BackupInstance (0ms)
			ReleaseScriptingObjects (0ms)
			CreateAndSetChildDomain (21ms)
		EndReloadAssembly (1002ms)
			LoadAssemblies (106ms)
			RebuildTransferFunctionScriptingTraits (0ms)
			SetupTypeCache (294ms)
			ReleaseScriptCaches (1ms)
			RebuildScriptCaches (73ms)
			SetupLoadedEditorAssemblies (456ms)
				LogAssemblyErrors (0ms)
				InitializePlatformSupportModulesInManaged (25ms)
				SetLoadedEditorAssemblies (0ms)
				RefreshPlugins (91ms)
				BeforeProcessingInitializeOnLoad (100ms)
				ProcessInitializeOnLoadAttributes (212ms)
				ProcessInitializeOnLoadMethodAttributes (18ms)
				AfterProcessingInitializeOnLoad (9ms)
				EditorAssembliesLoaded (0ms)
			ExecutionOrderSort2 (0ms)
			AwakeInstancesAfterBackupRestoration (7ms)
Platform modules already initialized, skipping
========================================================================
Worker process is ready to serve import requests
Launched and connected shader compiler UnityShaderCompiler.exe after 0.06 seconds
Refreshing native plugins compatible for Editor in 1.15 ms, found 3 plugins.
Preloading 0 native plugins for Editor in 0.00 ms.
Unloading 3509 Unused Serialized files (Serialized files now loaded: 0)
Unloading 25 unused Assets / (113.6 KB). Loaded Objects now: 3973.
Memory consumption went from 122.7 MB to 122.6 MB.
Total: 3.341800 ms (FindLiveObjects: 0.341000 ms CreateObjectMapping: 0.121300 ms MarkObjects: 2.670400 ms  DeleteObjects: 0.207700 ms)

AssetImportParameters requested are different than current active one (requested -> active):
  custom:video-decoder-ogg-theora: a1e56fd34408186e4bbccfd4996cb3dc -> 
  custom:container-muxer-webm: aa71ff27fc2769a1b78a27578f13a17b -> 
  custom:container-demuxer-webm: 4f35f7cbe854078d1ac9338744f61a02 -> 
  custom:video-encoder-webm-vp8: eb34c28f22e8b96e1ab97ce403110664 -> 
  custom:video-codec-MediaFoundation-h265: 746d11721c4dcdbdad8f713fa42b33f4 -> 
  custom:audio-encoder-webm-vorbis: bf7c407c2cedff20999df2af8eb42d56 -> 
  custom:framework-win-MediaFoundation: 216162199b28c13a410421893ffa2e32 -> 
  custom:container-demuxer-ogg: 62fdf1f143b41e24485cea50d1cbac27 -> 
  custom:video-decoder-webm-vp8: 9c59270c3fd7afecdb556c50c9e8de78 -> 
  custom:audio-decoder-ogg-vorbis: bf7c407c2cedff20999df2af8eb42d56 -> 
========================================================================
Received Import Request.
  Time since last request: 11015.356490 seconds.
  path: Assets/DataFiles/ReferenceImgLibrary/Arduino_kit_cover.png
  artifactKey: Guid(57e3243104f914879b2511565ea5b959) Importer(815301076,1909f56bfc062723c751e8b465ee728b)
Start importing Assets/DataFiles/ReferenceImgLibrary/Arduino_kit_cover.png using Guid(57e3243104f914879b2511565ea5b959) Importer(815301076,1909f56bfc062723c751e8b465ee728b)  -> (artifact id: 'fca4a986c75256c41656d288d984ea50') in 0.154235 seconds 
========================================================================
Received Import Request.
  Time since last request: 0.000033 seconds.
  path: Assets/DataFiles/ReferenceImgLibrary/ReferenceImageLibrary.asset
  artifactKey: Guid(92d1be6f220424507a0223037c599f43) Importer(815301076,1909f56bfc062723c751e8b465ee728b)
Start importing Assets/DataFiles/ReferenceImgLibrary/ReferenceImageLibrary.asset using Guid(92d1be6f220424507a0223037c599f43) Importer(815301076,1909f56bfc062723c751e8b465ee728b)  -> (artifact id: '667ec98a99b5d86bfd80fff9a02ecaf3') in 0.040990 seconds 
========================================================================
Received Import Request.
  Time since last request: 127.450091 seconds.
  path: Assets/DataFiles/Scenes/FirstImgTracking.unity
  artifactKey: Guid(b2f8fec95336448afb044ddf187c39e6) Importer(815301076,1909f56bfc062723c751e8b465ee728b)
Start importing Assets/DataFiles/Scenes/FirstImgTracking.unity using Guid(b2f8fec95336448afb044ddf187c39e6) Importer(815301076,1909f56bfc062723c751e8b465ee728b)  -> (artifact id: '4034d6630e246ccb1e74c3638321547a') in 0.008274 seconds 
========================================================================
Received Import Request.
  Time since last request: 3.808624 seconds.
  path: Assets/DataFiles/Scenes
  artifactKey: Guid(183416b08ce754295a2042a2e8597efe) Importer(815301076,1909f56bfc062723c751e8b465ee728b)
Start importing Assets/DataFiles/Scenes using Guid(183416b08ce754295a2042a2e8597efe) Importer(815301076,1909f56bfc062723c751e8b465ee728b)  -> (artifact id: 'a4ec3b64dbb393d567f23bf5955efb35') in 0.008144 seconds 
========================================================================
Received Import Request.
  Time since last request: 12.126363 seconds.
  path: Assets/DataFiles/Scenes/Saadman_basic_image_tracking.unity
  artifactKey: Guid(29f6d4ae457114942ab7f8baeb33f95e) Importer(815301076,1909f56bfc062723c751e8b465ee728b)
Start importing Assets/DataFiles/Scenes/Saadman_basic_image_tracking.unity using Guid(29f6d4ae457114942ab7f8baeb33f95e) Importer(815301076,1909f56bfc062723c751e8b465ee728b)  -> (artifact id: '440bf24c8af57b54fe60da9bf7032835') in 0.009003 seconds 
========================================================================
Received Import Request.
  Time since last request: 30.118921 seconds.
  path: Assets/DataFiles/Scenes/Saadman_basic_image_tracking.unity
  artifactKey: Guid(29f6d4ae457114942ab7f8baeb33f95e) Importer(815301076,1909f56bfc062723c751e8b465ee728b)
Start importing Assets/DataFiles/Scenes/Saadman_basic_image_tracking.unity using Guid(29f6d4ae457114942ab7f8baeb33f95e) Importer(815301076,1909f56bfc062723c751e8b465ee728b)  -> (artifact id: 'ea8a04a3e0a1e638a308d954e96c1956') in 0.002472 seconds 
========================================================================
Received Import Request.
  Time since last request: 18.920253 seconds.
  path: Assets/DataFiles/Scenes/Saadman_basic_image_tracking.unity
  artifactKey: Guid(29f6d4ae457114942ab7f8baeb33f95e) Importer(815301076,1909f56bfc062723c751e8b465ee728b)
Start importing Assets/DataFiles/Scenes/Saadman_basic_image_tracking.unity using Guid(29f6d4ae457114942ab7f8baeb33f95e) Importer(815301076,1909f56bfc062723c751e8b465ee728b)  -> (artifact id: '12884345c6cfd9f660bbb21fb679d025') in 0.003132 seconds 
========================================================================
Received Import Request.
  Time since last request: 3.759770 seconds.
  path: Assets/DataFiles/ReferenceImgLibrary/ReferenceImageLibrary.asset
  artifactKey: Guid(92d1be6f220424507a0223037c599f43) Importer(815301076,1909f56bfc062723c751e8b465ee728b)
Start importing Assets/DataFiles/ReferenceImgLibrary/ReferenceImageLibrary.asset using Guid(92d1be6f220424507a0223037c599f43) Importer(815301076,1909f56bfc062723c751e8b465ee728b)  -> (artifact id: '74898a1be32888c8914a7c88ddbb156b') in 0.017902 seconds 
========================================================================
Received Import Request.
  Time since last request: 1.848960 seconds.
  path: Assets/DataFiles/ReferenceImgLibrary
  artifactKey: Guid(ce4369f9e83e64d81ba5016fd63e6ab8) Importer(815301076,1909f56bfc062723c751e8b465ee728b)
Start importing Assets/DataFiles/ReferenceImgLibrary using Guid(ce4369f9e83e64d81ba5016fd63e6ab8) Importer(815301076,1909f56bfc062723c751e8b465ee728b)  -> (artifact id: '731349623e3e93ca19a7307ab6f7ef17') in 0.007747 seconds 
========================================================================
Received Import Request.
  Time since last request: 12.372105 seconds.
  path: Assets/DataFiles/ReferenceImgLibrary/saadman_image_library.asset
  artifactKey: Guid(7542396420fcafb41907d2964e177ebb) Importer(815301076,1909f56bfc062723c751e8b465ee728b)
Start importing Assets/DataFiles/ReferenceImgLibrary/saadman_image_library.asset using Guid(7542396420fcafb41907d2964e177ebb) Importer(815301076,1909f56bfc062723c751e8b465ee728b)  -> (artifact id: '68054be5f9a567963b62bd9d89764a8b') in 0.079609 seconds 
========================================================================
Received Import Request.
  Time since last request: 27.133089 seconds.
  path: Assets/DataFiles/ReferenceImgLibrary/dragon_kaido_render_by_abyss1_df5lc5r-fullview.jpg
  artifactKey: Guid(e82d76f0ee6a0c842bb1b5780c2d398d) Importer(815301076,1909f56bfc062723c751e8b465ee728b)
Start importing Assets/DataFiles/ReferenceImgLibrary/dragon_kaido_render_by_abyss1_df5lc5r-fullview.jpg using Guid(e82d76f0ee6a0c842bb1b5780c2d398d) Importer(815301076,1909f56bfc062723c751e8b465ee728b)  -> (artifact id: '6d92bf8f9f8d257b43198a9d05f50fd1') in 0.055267 seconds 
========================================================================
Received Import Request.
  Time since last request: 100.147165 seconds.
  path: Assets/DataFiles/Prefabs/Cube.prefab
  artifactKey: Guid(a8d552db96792b84987e2807a586e741) Importer(815301076,1909f56bfc062723c751e8b465ee728b)
Start importing Assets/DataFiles/Prefabs/Cube.prefab using Guid(a8d552db96792b84987e2807a586e741) Importer(815301076,1909f56bfc062723c751e8b465ee728b)  -> (artifact id: '0ca2015dfae3d753defd4d56c09e0280') in 0.208315 seconds 
========================================================================
Received Import Request.
  Time since last request: 18.748647 seconds.
  path: Assets/DataFiles/ReferenceImgLibrary/saadman_image_library.asset
  artifactKey: Guid(7542396420fcafb41907d2964e177ebb) Importer(815301076,1909f56bfc062723c751e8b465ee728b)
Start importing Assets/DataFiles/ReferenceImgLibrary/saadman_image_library.asset using Guid(7542396420fcafb41907d2964e177ebb) Importer(815301076,1909f56bfc062723c751e8b465ee728b)  -> (artifact id: '83235e8936b7f21a1ed96b15d777f1f3') in 0.026585 seconds 
========================================================================
Received Import Request.
  Time since last request: 2.055580 seconds.
  path: Assets/DataFiles/Scenes/Saadman_basic_image_tracking.unity
  artifactKey: Guid(29f6d4ae457114942ab7f8baeb33f95e) Importer(815301076,1909f56bfc062723c751e8b465ee728b)
Start importing Assets/DataFiles/Scenes/Saadman_basic_image_tracking.unity using Guid(29f6d4ae457114942ab7f8baeb33f95e) Importer(815301076,1909f56bfc062723c751e8b465ee728b)  -> (artifact id: '925c5b83ee4177e3a3bd85245d1020d1') in 0.002553 seconds 
========================================================================
Received Prepare
Refreshing native plugins compatible for Editor in 4.30 ms, found 3 plugins.
Preloading 0 native plugins for Editor in 0.00 ms.
Unloading 17 Unused Serialized files (Serialized files now loaded: 0)
Unloading 17 unused Assets / (77.7 KB). Loaded Objects now: 3987.
Memory consumption went from 56.4 MB to 56.3 MB.
Total: 3.931900 ms (FindLiveObjects: 0.345100 ms CreateObjectMapping: 0.242400 ms MarkObjects: 3.217700 ms  DeleteObjects: 0.125100 ms)

AssetImportParameters requested are different than current active one (requested -> active):
  custom:video-decoder-ogg-theora: a1e56fd34408186e4bbccfd4996cb3dc -> 
  custom:container-muxer-webm: aa71ff27fc2769a1b78a27578f13a17b -> 
  custom:container-demuxer-webm: 4f35f7cbe854078d1ac9338744f61a02 -> 
  custom:video-encoder-webm-vp8: eb34c28f22e8b96e1ab97ce403110664 -> 
  custom:video-codec-MediaFoundation-h265: 746d11721c4dcdbdad8f713fa42b33f4 -> 
  custom:audio-encoder-webm-vorbis: bf7c407c2cedff20999df2af8eb42d56 -> 
  custom:framework-win-MediaFoundation: 216162199b28c13a410421893ffa2e32 -> 
  custom:container-demuxer-ogg: 62fdf1f143b41e24485cea50d1cbac27 -> 
  custom:video-decoder-webm-vp8: 9c59270c3fd7afecdb556c50c9e8de78 -> 
  custom:audio-decoder-ogg-vorbis: bf7c407c2cedff20999df2af8eb42d56 -> 
========================================================================
Received Import Request.
  Time since last request: 110.091604 seconds.
  path: Assets/DataFiles/ReferenceImgLibrary/saadman_image_library.asset
  artifactKey: Guid(7542396420fcafb41907d2964e177ebb) Importer(815301076,1909f56bfc062723c751e8b465ee728b)
Start importing Assets/DataFiles/ReferenceImgLibrary/saadman_image_library.asset using Guid(7542396420fcafb41907d2964e177ebb) Importer(815301076,1909f56bfc062723c751e8b465ee728b)  -> (artifact id: '982024dbac03dc20ba6c10ed4bde081a') in 0.055608 seconds 
========================================================================
Received Import Request.
  Time since last request: 54.640401 seconds.
  path: Assets/DataFiles/Scenes/Saadman_basic_image_tracking.unity
  artifactKey: Guid(29f6d4ae457114942ab7f8baeb33f95e) Importer(815301076,1909f56bfc062723c751e8b465ee728b)
Start importing Assets/DataFiles/Scenes/Saadman_basic_image_tracking.unity using Guid(29f6d4ae457114942ab7f8baeb33f95e) Importer(815301076,1909f56bfc062723c751e8b465ee728b)  -> (artifact id: 'bdc1268622035de8ddf479f148a67859') in 0.002781 seconds 
========================================================================
Received Prepare
Refreshing native plugins compatible for Editor in 5.47 ms, found 3 plugins.
Preloading 0 native plugins for Editor in 0.00 ms.
Unloading 17 Unused Serialized files (Serialized files now loaded: 0)
Unloading 17 unused Assets / (77.8 KB). Loaded Objects now: 3987.
Memory consumption went from 56.4 MB to 56.3 MB.
Total: 3.918100 ms (FindLiveObjects: 0.418900 ms CreateObjectMapping: 0.257300 ms MarkObjects: 3.137200 ms  DeleteObjects: 0.103400 ms)

AssetImportParameters requested are different than current active one (requested -> active):
  custom:video-decoder-ogg-theora: a1e56fd34408186e4bbccfd4996cb3dc -> 
  custom:container-muxer-webm: aa71ff27fc2769a1b78a27578f13a17b -> 
  custom:container-demuxer-webm: 4f35f7cbe854078d1ac9338744f61a02 -> 
  custom:video-encoder-webm-vp8: eb34c28f22e8b96e1ab97ce403110664 -> 
  custom:video-codec-MediaFoundation-h265: 746d11721c4dcdbdad8f713fa42b33f4 -> 
  custom:audio-encoder-webm-vorbis: bf7c407c2cedff20999df2af8eb42d56 -> 
  custom:framework-win-MediaFoundation: 216162199b28c13a410421893ffa2e32 -> 
  custom:container-demuxer-ogg: 62fdf1f143b41e24485cea50d1cbac27 -> 
  custom:video-decoder-webm-vp8: 9c59270c3fd7afecdb556c50c9e8de78 -> 
  custom:audio-decoder-ogg-vorbis: bf7c407c2cedff20999df2af8eb42d56 -> 
========================================================================
Received Prepare
Refreshing native plugins compatible for Editor in 4.19 ms, found 3 plugins.
Preloading 0 native plugins for Editor in 0.00 ms.
Unloading 17 Unused Serialized files (Serialized files now loaded: 0)
Unloading 17 unused Assets / (77.9 KB). Loaded Objects now: 3987.
Memory consumption went from 56.4 MB to 56.3 MB.
Total: 4.135800 ms (FindLiveObjects: 0.329700 ms CreateObjectMapping: 0.286600 ms MarkObjects: 3.386300 ms  DeleteObjects: 0.131800 ms)

AssetImportParameters requested are different than current active one (requested -> active):
  custom:video-decoder-ogg-theora: a1e56fd34408186e4bbccfd4996cb3dc -> 
  custom:container-muxer-webm: aa71ff27fc2769a1b78a27578f13a17b -> 
  custom:container-demuxer-webm: 4f35f7cbe854078d1ac9338744f61a02 -> 
  custom:video-encoder-webm-vp8: eb34c28f22e8b96e1ab97ce403110664 -> 
  custom:video-codec-MediaFoundation-h265: 746d11721c4dcdbdad8f713fa42b33f4 -> 
  custom:audio-encoder-webm-vorbis: bf7c407c2cedff20999df2af8eb42d56 -> 
  custom:framework-win-MediaFoundation: 216162199b28c13a410421893ffa2e32 -> 
  custom:container-demuxer-ogg: 62fdf1f143b41e24485cea50d1cbac27 -> 
  custom:video-decoder-webm-vp8: 9c59270c3fd7afecdb556c50c9e8de78 -> 
  custom:audio-decoder-ogg-vorbis: bf7c407c2cedff20999df2af8eb42d56 -> 
========================================================================
Received Import Request.
  Time since last request: 151.175057 seconds.
  path: Assets/DataFiles/Scenes/Saadman_basic_image_tracking.unity
  artifactKey: Guid(29f6d4ae457114942ab7f8baeb33f95e) Importer(815301076,1909f56bfc062723c751e8b465ee728b)
Start importing Assets/DataFiles/Scenes/Saadman_basic_image_tracking.unity using Guid(29f6d4ae457114942ab7f8baeb33f95e) Importer(815301076,1909f56bfc062723c751e8b465ee728b)  -> (artifact id: 'b6768122580a2b454d05eb111151a532') in 0.002905 seconds 
========================================================================
Received Prepare
Refreshing native plugins compatible for Editor in 12.39 ms, found 3 plugins.
Preloading 0 native plugins for Editor in 0.00 ms.
Unloading 17 Unused Serialized files (Serialized files now loaded: 0)
Unloading 17 unused Assets / (77.8 KB). Loaded Objects now: 3987.
Memory consumption went from 56.4 MB to 56.3 MB.
Total: 114.832900 ms (FindLiveObjects: 0.587700 ms CreateObjectMapping: 0.409400 ms MarkObjects: 75.498800 ms  DeleteObjects: 38.334000 ms)

AssetImportParameters requested are different than current active one (requested -> active):
  custom:video-decoder-ogg-theora: a1e56fd34408186e4bbccfd4996cb3dc -> 
  custom:container-muxer-webm: aa71ff27fc2769a1b78a27578f13a17b -> 
  custom:container-demuxer-webm: 4f35f7cbe854078d1ac9338744f61a02 -> 
  custom:video-encoder-webm-vp8: eb34c28f22e8b96e1ab97ce403110664 -> 
  custom:video-codec-MediaFoundation-h265: 746d11721c4dcdbdad8f713fa42b33f4 -> 
  custom:audio-encoder-webm-vorbis: bf7c407c2cedff20999df2af8eb42d56 -> 
  custom:framework-win-MediaFoundation: 216162199b28c13a410421893ffa2e32 -> 
  custom:container-demuxer-ogg: 62fdf1f143b41e24485cea50d1cbac27 -> 
  custom:video-decoder-webm-vp8: 9c59270c3fd7afecdb556c50c9e8de78 -> 
  custom:audio-decoder-ogg-vorbis: bf7c407c2cedff20999df2af8eb42d56 -> 
========================================================================
Received Prepare
Refreshing native plugins compatible for Editor in 3.68 ms, found 3 plugins.
Preloading 0 native plugins for Editor in 0.00 ms.
Unloading 17 Unused Serialized files (Serialized files now loaded: 0)
Unloading 17 unused Assets / (77.8 KB). Loaded Objects now: 3987.
Memory consumption went from 56.4 MB to 56.3 MB.
Total: 3.519200 ms (FindLiveObjects: 0.320100 ms CreateObjectMapping: 0.109300 ms MarkObjects: 2.981700 ms  DeleteObjects: 0.106500 ms)

AssetImportParameters requested are different than current active one (requested -> active):
  custom:video-decoder-ogg-theora: a1e56fd34408186e4bbccfd4996cb3dc -> 
  custom:container-muxer-webm: aa71ff27fc2769a1b78a27578f13a17b -> 
  custom:container-demuxer-webm: 4f35f7cbe854078d1ac9338744f61a02 -> 
  custom:video-encoder-webm-vp8: eb34c28f22e8b96e1ab97ce403110664 -> 
  custom:video-codec-MediaFoundation-h265: 746d11721c4dcdbdad8f713fa42b33f4 -> 
  custom:audio-encoder-webm-vorbis: bf7c407c2cedff20999df2af8eb42d56 -> 
  custom:framework-win-MediaFoundation: 216162199b28c13a410421893ffa2e32 -> 
  custom:container-demuxer-ogg: 62fdf1f143b41e24485cea50d1cbac27 -> 
  custom:video-decoder-webm-vp8: 9c59270c3fd7afecdb556c50c9e8de78 -> 
  custom:audio-decoder-ogg-vorbis: bf7c407c2cedff20999df2af8eb42d56 -> 
========================================================================
Received Import Request.
  Time since last request: 211.774010 seconds.
  path: Assets/DataFiles/Prefabs/Cube.prefab
  artifactKey: Guid(a8d552db96792b84987e2807a586e741) Importer(815301076,1909f56bfc062723c751e8b465ee728b)
Start importing Assets/DataFiles/Prefabs/Cube.prefab using Guid(a8d552db96792b84987e2807a586e741) Importer(815301076,1909f56bfc062723c751e8b465ee728b)  -> (artifact id: 'fbfaa7d901e8a86688559fed6152ef41') in 0.018698 seconds 
========================================================================
Received Import Request.
  Time since last request: 5.717519 seconds.
  path: Assets/DataFiles/Prefabs/Cube.prefab
  artifactKey: Guid(a8d552db96792b84987e2807a586e741) Importer(815301076,1909f56bfc062723c751e8b465ee728b)
Start importing Assets/DataFiles/Prefabs/Cube.prefab using Guid(a8d552db96792b84987e2807a586e741) Importer(815301076,1909f56bfc062723c751e8b465ee728b)  -> (artifact id: '4176f32367919a3fc9c841584e0dfdc3') in 0.020191 seconds 
========================================================================
Received Prepare
Refreshing native plugins compatible for Editor in 4.28 ms, found 3 plugins.
Preloading 0 native plugins for Editor in 0.00 ms.
Unloading 17 Unused Serialized files (Serialized files now loaded: 0)
Unloading 17 unused Assets / (77.8 KB). Loaded Objects now: 3987.
Memory consumption went from 56.4 MB to 56.4 MB.
Total: 3.600100 ms (FindLiveObjects: 0.332800 ms CreateObjectMapping: 0.123500 ms MarkObjects: 3.033600 ms  DeleteObjects: 0.108500 ms)

AssetImportParameters requested are different than current active one (requested -> active):
  custom:video-decoder-ogg-theora: a1e56fd34408186e4bbccfd4996cb3dc -> 
  custom:container-muxer-webm: aa71ff27fc2769a1b78a27578f13a17b -> 
  custom:container-demuxer-webm: 4f35f7cbe854078d1ac9338744f61a02 -> 
  custom:video-encoder-webm-vp8: eb34c28f22e8b96e1ab97ce403110664 -> 
  custom:video-codec-MediaFoundation-h265: 746d11721c4dcdbdad8f713fa42b33f4 -> 
  custom:audio-encoder-webm-vorbis: bf7c407c2cedff20999df2af8eb42d56 -> 
  custom:framework-win-MediaFoundation: 216162199b28c13a410421893ffa2e32 -> 
  custom:container-demuxer-ogg: 62fdf1f143b41e24485cea50d1cbac27 -> 
  custom:video-decoder-webm-vp8: 9c59270c3fd7afecdb556c50c9e8de78 -> 
  custom:audio-decoder-ogg-vorbis: bf7c407c2cedff20999df2af8eb42d56 -> 
